<?xml version="1.0" encoding="UTF-8"?>
<testng-results skipped="0" failed="0" ignored="0" total="1" passed="1">
  <reporter-output>
  </reporter-output>
  <suite name="Default suite" duration-ms="1265" started-at="2021-01-30T13:06:32 EST" finished-at="2021-01-30T13:06:33 EST">
    <groups>
    </groups>
    <test name="Default test" duration-ms="1265" started-at="2021-01-30T13:06:32 EST" finished-at="2021-01-30T13:06:33 EST">
      <class name="com.egen.orderservicee.OrderGetRequest">
        <test-method status="PASS" signature="getOrderDetails()[pri:0, instance:com.egen.orderservicee.OrderGetRequest@ca263c2]" name="getOrderDetails" duration-ms="1229" started-at="2021-01-30T13:06:32 EST" finished-at="2021-01-30T13:06:33 EST">
          <reporter-output>
          </reporter-output>
        </test-method> <!-- getOrderDetails -->
      </class> <!-- com.egen.orderservicee.OrderGetRequest -->
    </test> <!-- Default test -->
  </suite> <!-- Default suite -->
</testng-results>
